\BOOKMARK [1][-]{section.1}{\376\377\000I\000n\000t\000r\000o\000d\000u\000c\000t\000i\000o\000n\000\040\000\050\0001\0009\0000\000/\0004\0000\0000\000\040\000w\000o\000r\000d\000s\000\051}{}% 1
\BOOKMARK [1][-]{section.2}{\376\377\000P\000r\000o\000j\000e\000c\000t\000\040\000d\000e\000s\000c\000r\000i\000p\000t\000i\000o\000n\000\040\000\050\000\040\0001\0000\000\045\000\040\000o\000f\000\040\000t\000o\000t\000a\000l\000\040\000w\000o\000r\000d\000s\000\051\000\040}{}% 2
\BOOKMARK [2][-]{subsection.2.1}{\376\377\000D\000o\000m\000a\000i\000n\000s}{section.2}% 3
\BOOKMARK [3][-]{subsubsection.2.1.1}{\376\377\000S\000c\000i\000e\000n\000t\000i\000f\000i\000c}{subsection.2.1}% 4
\BOOKMARK [3][-]{subsubsection.2.1.2}{\376\377\000T\000e\000c\000h\000n\000i\000c\000a\000l}{subsection.2.1}% 5
\BOOKMARK [2][-]{subsection.2.2}{\376\377\000T\000a\000r\000g\000e\000t\000e\000d\000\040\000D\000e\000l\000i\000v\000e\000r\000a\000b\000l\000e\000s}{section.2}% 6
\BOOKMARK [3][-]{subsubsection.2.2.1}{\376\377\000S\000c\000i\000e\000n\000t\000i\000f\000i\000c\000\040\000d\000e\000l\000i\000v\000e\000r\000a\000b\000l\000e\000s}{subsection.2.2}% 7
\BOOKMARK [3][-]{subsubsection.2.2.2}{\376\377\000T\000e\000c\000h\000n\000i\000c\000a\000l\000\040\000d\000e\000l\000i\000v\000e\000r\000a\000b\000l\000e\000s}{subsection.2.2}% 8
\BOOKMARK [1][-]{section.3}{\376\377\000P\000r\000e\000-\000r\000e\000q\000u\000i\000s\000i\000t\000e\000s}{}% 9
\BOOKMARK [2][-]{subsection.3.1}{\376\377\000S\000c\000i\000e\000n\000t\000i\000f\000i\000c\000\040\000p\000r\000e\000-\000r\000e\000q\000u\000i\000s\000i\000t\000e\000s}{section.3}% 10
\BOOKMARK [2][-]{subsection.3.2}{\376\377\000T\000e\000c\000h\000n\000i\000c\000a\000l\000\040\000p\000r\000e\000-\000r\000e\000q\000u\000i\000s\000i\000t\000e\000s}{section.3}% 11
\BOOKMARK [1][-]{section.4}{\376\377\000A\000\040\000c\000o\000m\000p\000u\000t\000a\000t\000i\000o\000n\000a\000l\000\040\000m\000o\000d\000e\000l}{}% 12
\BOOKMARK [2][-]{subsection.4.1}{\376\377\000R\000e\000q\000u\000i\000r\000e\000m\000e\000n\000t\000s\000\040\000\050\0001\0002\0002\000/\0001\0005\0000\000\040\000w\000o\000r\000d\000s\000\051}{section.4}% 13
\BOOKMARK [2][-]{subsection.4.2}{\376\377\000D\000e\000s\000i\000g\000n\000\040\000\050\0002\0001\0003\000/\0003\0000\0000\000\040\000w\000o\000r\000d\000s\000\051}{section.4}% 14
\BOOKMARK [2][-]{subsection.4.3}{\376\377\000P\000r\000o\000d\000u\000c\000t\000i\000o\000n\000\040\000\050\0005\0001\0004\000/\0004\0000\0000\000\040\000w\000o\000r\000d\000s\000\051}{section.4}% 15
\BOOKMARK [3][-]{subsubsection.4.3.1}{\376\377\000O\000b\000s\000e\000r\000v\000a\000t\000i\000o\000n}{subsection.4.3}% 16
\BOOKMARK [3][-]{subsubsection.4.3.2}{\376\377\000P\000r\000o\000b\000l\000e\000m\000\040\000D\000e\000s\000c\000r\000i\000p\000t\000i\000o\000n}{subsection.4.3}% 17
\BOOKMARK [3][-]{subsubsection.4.3.3}{\376\377\000M\000a\000t\000h\000e\000m\000a\000t\000i\000c\000a\000l\000\040\000f\000o\000u\000n\000d\000a\000t\000i\000o\000n\000s\000\040\000t\000o\000\040\000a\000\040\000m\000o\000d\000e\000l}{subsection.4.3}% 18
\BOOKMARK [3][-]{subsubsection.4.3.4}{\376\377\000A\000l\000g\000o\000r\000i\000t\000h\000m\000i\000c\000\040\000d\000e\000s\000i\000g\000n}{subsection.4.3}% 19
\BOOKMARK [3][-]{subsubsection.4.3.5}{\376\377\000G\000u\000i\000d\000e\000l\000i\000n\000e\000\040\000f\000o\000r\000\040\000c\000o\000m\000p\000u\000t\000a\000t\000i\000o\000n\000a\000l\000\040\000m\000o\000d\000e\000l\000s}{subsection.4.3}% 20
\BOOKMARK [2][-]{subsection.4.4}{\376\377\000A\000s\000s\000e\000s\000s\000m\000e\000n\000t\000\040\000\050\0000\000/\0001\0005\0000\000\040\000w\000o\000r\000d\000s\000\051}{section.4}% 21
\BOOKMARK [1][-]{section.5}{\376\377\000O\000b\000s\000e\000r\000v\000a\000t\000i\000o\000n\000\040\000a\000n\000d\000\040\000P\000r\000o\000b\000l\000e\000m\000\040\000D\000e\000f\000i\000n\000i\000t\000i\000o\000n}{}% 22
\BOOKMARK [2][-]{subsection.5.1}{\376\377\000R\000e\000q\000u\000i\000r\000e\000m\000e\000n\000t\000s\000\040\000\050\0001\0002\0001\000/\0001\0005\0000\000\040\000w\000o\000r\000d\000s\000\051}{section.5}% 23
\BOOKMARK [2][-]{subsection.5.2}{\376\377\000D\000e\000s\000i\000g\000n\000\040\000\050\0001\0004\0008\000/\0003\0000\0000\000\040\000w\000o\000r\000d\000s\000\051}{section.5}% 24
\BOOKMARK [2][-]{subsection.5.3}{\376\377\000P\000r\000o\000d\000u\000c\000t\000i\000o\000n\000\040\000\050\0004\0000\0000\000/\0004\0000\0000\000\040\000w\000o\000r\000d\000s\000\051}{section.5}% 25
\BOOKMARK [3][-]{subsubsection.5.3.1}{\376\377\000O\000b\000s\000e\000r\000v\000a\000b\000l\000e\000\040\000b\000e\000h\000a\000v\000i\000o\000u\000r}{subsection.5.3}% 26
\BOOKMARK [3][-]{subsubsection.5.3.2}{\376\377\000P\000r\000o\000b\000l\000e\000m\000\040\000d\000e\000f\000i\000n\000i\000t\000i\000o\000n}{subsection.5.3}% 27
\BOOKMARK [2][-]{subsection.5.4}{\376\377\000A\000s\000s\000e\000s\000s\000m\000e\000n\000t\000\040\000\050\0000\000/\0001\0005\0000\000\040\000w\000o\000r\000d\000s\000\051}{section.5}% 28
\BOOKMARK [1][-]{section.6}{\376\377\000M\000a\000t\000h\000e\000m\000a\000t\000i\000c\000a\000l\000\040\000a\000p\000p\000r\000o\000a\000c\000h\000\040\000a\000n\000d\000\040\000s\000i\000m\000p\000l\000i\000f\000i\000c\000a\000t\000i\000o\000n\000s}{}% 29
\BOOKMARK [2][-]{subsection.6.1}{\376\377\000R\000e\000q\000u\000i\000r\000e\000m\000e\000n\000t\000s\000\040\000\050\0001\0000\0007\000/\0001\0005\0000\000\040\000w\000o\000r\000d\000s\000\051}{section.6}% 30
\BOOKMARK [2][-]{subsection.6.2}{\376\377\000D\000e\000s\000i\000g\000n\000\040\000\050\0009\0005\000/\0003\0000\0000\000\040\000w\000o\000r\000d\000s\000\051}{section.6}% 31
\BOOKMARK [2][-]{subsection.6.3}{\376\377\000P\000r\000o\000d\000u\000c\000t\000i\000o\000n\000\040\000\050\0006\0000\0000\000/\0004\0000\0000\000\040\000w\000o\000r\000d\000s\000\051}{section.6}% 32
\BOOKMARK [3][-]{subsubsection.6.3.1}{\376\377\000S\000u\000n}{subsection.6.3}% 33
\BOOKMARK [3][-]{subsubsection.6.3.2}{\376\377\000P\000l\000a\000n\000e\000t\000s}{subsection.6.3}% 34
\BOOKMARK [3][-]{subsubsection.6.3.3}{\376\377\000S\000a\000t\000e\000l\000l\000i\000t\000e}{subsection.6.3}% 35
\BOOKMARK [2][-]{subsection.6.4}{\376\377\000A\000s\000s\000e\000s\000s\000m\000e\000n\000t\000\040\000\050\0000\000/\0001\0005\0000\000\040\000w\000o\000r\000d\000s\000\051}{section.6}% 36
\BOOKMARK [1][-]{section.7}{\376\377\000T\000h\000e\000\040\000s\000o\000l\000a\000r\000\040\000s\000y\000s\000t\000e\000m}{}% 37
\BOOKMARK [2][-]{subsection.7.1}{\376\377\000R\000e\000q\000u\000i\000r\000e\000m\000e\000n\000t\000s\000\040\000\050\0001\0000\0005\000/\0001\0005\0000\000\040\000w\000o\000r\000d\000s\000\051}{section.7}% 38
\BOOKMARK [2][-]{subsection.7.2}{\376\377\000D\000e\000s\000i\000g\000n\000\040\000\050\0009\0007\000/\0003\0000\0000\000\040\000w\000o\000r\000d\000s\000\051}{section.7}% 39
\BOOKMARK [2][-]{subsection.7.3}{\376\377\000P\000r\000o\000d\000u\000c\000t\000i\000o\000n\000\040\000\050\0004\0009\0000\000/\0004\0000\0000\000\040\000w\000o\000r\000d\000s\000\051}{section.7}% 40
\BOOKMARK [3][-]{subsubsection.7.3.1}{\376\377\000S\000u\000n\000\040\000-\000\040\000A\000l\000g\000o\000r\000i\000t\000h\000m\000i\000c\000\040\000a\000p\000p\000r\000o\000a\000c\000h\000\040\000a\000n\000d\000\040\000i\000m\000p\000l\000e\000m\000e\000n\000t\000a\000t\000i\000o\000n}{subsection.7.3}% 41
\BOOKMARK [3][-]{subsubsection.7.3.2}{\376\377\000P\000l\000a\000n\000e\000t\000\040\000-\000\040\000A\000l\000g\000o\000r\000i\000t\000h\000m\000i\000c\000\040\000a\000p\000p\000r\000o\000a\000c\000h\000\040\000a\000n\000d\000\040\000i\000m\000p\000l\000e\000m\000e\000n\000t\000a\000t\000i\000o\000n}{subsection.7.3}% 42
\BOOKMARK [2][-]{subsection.7.4}{\376\377\000A\000s\000s\000e\000s\000s\000m\000e\000n\000t\000\040\000\050\0000\000/\0001\0005\0000\000\040\000w\000o\000r\000d\000s\000\051}{section.7}% 43
\BOOKMARK [1][-]{section.8}{\376\377\000M\000o\000v\000e\000m\000e\000n\000t\000\040\000i\000n\000\040\000t\000h\000r\000e\000e\000\040\000d\000i\000m\000e\000n\000s\000i\000o\000n\000s\000\040\000a\000n\000d\000\040\000t\000i\000m\000e\000\040\000c\000o\000n\000t\000r\000o\000l}{}% 44
\BOOKMARK [2][-]{subsection.8.1}{\376\377\000R\000e\000q\000u\000i\000r\000e\000m\000e\000n\000t\000s\000\040\000\050\0007\0005\000/\0001\0005\0000\000\040\000w\000o\000r\000d\000s\000\051}{section.8}% 45
\BOOKMARK [2][-]{subsection.8.2}{\376\377\000D\000e\000s\000i\000g\000n\000\040\000\050\0008\0005\000/\0003\0000\0000\000\040\000w\000o\000r\000d\000s\000\051}{section.8}% 46
\BOOKMARK [2][-]{subsection.8.3}{\376\377\000P\000r\000o\000d\000u\000c\000t\000i\000o\000n\000\040\000\050\0005\0007\0005\000/\0004\0000\0000\000\040\000w\000o\000r\000d\000s\000\051}{section.8}% 47
\BOOKMARK [3][-]{subsubsection.8.3.1}{\376\377\000M\000o\000d\000e\000l\000l\000i\000n\000g\000\040\000t\000h\000e\000\040\000c\000a\000m\000e\000r\000a}{subsection.8.3}% 48
\BOOKMARK [3][-]{subsubsection.8.3.2}{\376\377\000T\000i\000m\000e\000\040\000w\000a\000r\000p}{subsection.8.3}% 49
\BOOKMARK [2][-]{subsection.8.4}{\376\377\000A\000s\000s\000e\000s\000s\000m\000e\000n\000t\000\040\000\050\0000\000/\0001\0005\0000\000\040\000w\000o\000r\000d\000s\000\051}{section.8}% 50
\BOOKMARK [1][-]{section.9}{\376\377\000S\000a\000t\000e\000l\000l\000i\000t\000e\000\040\000a\000n\000d\000\040\000g\000r\000a\000v\000i\000t\000y}{}% 51
\BOOKMARK [2][-]{subsection.9.1}{\376\377\000R\000e\000q\000u\000i\000r\000e\000m\000e\000n\000t\000s\000\040\000\050\0007\0009\000/\0001\0005\0000\000\040\000w\000o\000r\000d\000s\000\051}{section.9}% 52
\BOOKMARK [2][-]{subsection.9.2}{\376\377\000D\000e\000s\000i\000g\000n\000\040\000\050\0008\0007\000/\0003\0000\0000\000\040\000w\000o\000r\000d\000s\000\051}{section.9}% 53
\BOOKMARK [2][-]{subsection.9.3}{\376\377\000P\000r\000o\000d\000u\000c\000t\000i\000o\000n\000\040\000\050\0006\0007\0002\000/\0004\0000\0000\000\040\000w\000o\000r\000d\000s\000\051}{section.9}% 54
\BOOKMARK [3][-]{subsubsection.9.3.1}{\376\377\000D\000e\000t\000e\000r\000m\000i\000n\000i\000n\000g\000\040\000c\000e\000l\000e\000s\000t\000i\000a\000l\000\040\000b\000o\000d\000i\000e\000s\000,\000\040\000f\000e\000t\000c\000h\000i\000n\000g\000\040\000d\000a\000t\000a\000\040\000a\000n\000d\000\040\000f\000i\000n\000d\000i\000n\000g\000\040\000c\000o\000n\000s\000t\000a\000n\000t\000s}{subsection.9.3}% 55
\BOOKMARK [3][-]{subsubsection.9.3.2}{\376\377\000P\000r\000o\000g\000r\000a\000d\000e\000\040\000a\000n\000d\000\040\000r\000e\000t\000r\000o\000g\000r\000a\000d\000e\000\040\000o\000r\000b\000i\000t\000\040\000m\000a\000n\000i\000p\000u\000l\000a\000t\000i\000o\000n}{subsection.9.3}% 56
\BOOKMARK [2][-]{subsection.9.4}{\376\377\000A\000s\000s\000e\000s\000s\000m\000e\000n\000t\000\040\000\050\0000\000/\0001\0005\0000\000\040\000w\000o\000r\000d\000s\000\051}{section.9}% 57
\BOOKMARK [1][-]{section.10}{\376\377\000C\000o\000n\000c\000l\000u\000s\000i\000o\000n}{}% 58
\BOOKMARK [1][-]{section.11}{\376\377\000P\000l\000a\000g\000i\000a\000r\000i\000s\000m\000\040\000s\000t\000a\000t\000e\000m\000e\000n\000t}{}% 59
\BOOKMARK [1][-]{section*.4}{\376\377\000R\000e\000f\000e\000r\000e\000n\000c\000e\000s}{}% 60
\BOOKMARK [1][-]{section.12}{\376\377\000A\000p\000p\000e\000n\000d\000i\000x}{}% 61
\BOOKMARK [2][-]{subsection.12.1}{\376\377\000S\000o\000u\000r\000c\000e\000\040\000C\000o\000d\000e}{section.12}% 62
